<?xml version="1.0" encoding="UTF-8"?>
<testng-results ignored="0" total="4" passed="4" failed="0" skipped="0">
  <reporter-output>
  </reporter-output>
  <suite started-at="2024-10-21T12:22:49 IST" name="Default suite" finished-at="2024-10-21T12:23:12 IST" duration-ms="22388">
    <groups>
    </groups>
    <test started-at="2024-10-21T12:22:49 IST" name="Default test" finished-at="2024-10-21T12:23:12 IST" duration-ms="22388">
      <class name="testcases.SingleProduct">
        <test-method is-config="true" signature="setProject()[pri:0, instance:testcases.SingleProduct@38c6f217]" started-at="2024-10-21T12:22:49 IST" name="setProject" description="Project Setup and Invoke Browser" finished-at="2024-10-21T12:22:55 IST" duration-ms="5687" status="PASS">
          <reporter-output>
          </reporter-output>
        </test-method> <!-- setProject -->
        <test-method is-config="true" signature="tearDown(org.testng.ITestResult)[pri:0, instance:testcases.SingleProduct@38c6f217]" started-at="2024-10-21T12:22:55 IST" name="tearDown" description="Generate HTML reports" finished-at="2024-10-21T12:22:55 IST" duration-ms="4" status="PASS">
          <params>
            <param index="0">
              <value>
                <![CDATA[[TestResult name={null} status=CREATED method=SingleProduct.searchFromGoogle()[pri:1, instance:testcases.SingleProduct@38c6f217] output={null}]]]>
              </value>
            </param>
          </params>
          <reporter-output>
          </reporter-output>
        </test-method> <!-- tearDown -->
        <test-method signature="searchFromGoogle()[pri:1, instance:testcases.SingleProduct@38c6f217]" started-at="2024-10-21T12:22:55 IST" name="searchFromGoogle" description="Search from Google" finished-at="2024-10-21T12:23:00 IST" duration-ms="5405" status="PASS">
          <reporter-output>
          </reporter-output>
        </test-method> <!-- searchFromGoogle -->
        <test-method is-config="true" signature="tearDown(org.testng.ITestResult)[pri:0, instance:testcases.SingleProduct@38c6f217]" started-at="2024-10-21T12:23:00 IST" name="tearDown" description="Generate HTML reports" finished-at="2024-10-21T12:23:00 IST" duration-ms="2" status="PASS">
          <params>
            <param index="0">
              <value>
                <![CDATA[[TestResult name={null} status=CREATED method=SingleProduct.homePage()[pri:2, instance:testcases.SingleProduct@38c6f217] output={null}]]]>
              </value>
            </param>
          </params>
          <reporter-output>
          </reporter-output>
        </test-method> <!-- tearDown -->
        <test-method signature="homePage()[pri:2, instance:testcases.SingleProduct@38c6f217]" started-at="2024-10-21T12:23:00 IST" name="homePage" description="Verify the page and adding products to cart" finished-at="2024-10-21T12:23:02 IST" duration-ms="1216" status="PASS">
          <reporter-output>
          </reporter-output>
        </test-method> <!-- homePage -->
        <test-method is-config="true" signature="tearDown(org.testng.ITestResult)[pri:0, instance:testcases.SingleProduct@38c6f217]" started-at="2024-10-21T12:23:02 IST" name="tearDown" description="Generate HTML reports" finished-at="2024-10-21T12:23:02 IST" duration-ms="0" status="PASS">
          <params>
            <param index="0">
              <value>
                <![CDATA[[TestResult name={null} status=CREATED method=SingleProduct.checkoutPage()[pri:3, instance:testcases.SingleProduct@38c6f217] output={null}]]]>
              </value>
            </param>
          </params>
          <reporter-output>
          </reporter-output>
        </test-method> <!-- tearDown -->
        <test-method signature="checkoutPage()[pri:3, instance:testcases.SingleProduct@38c6f217]" started-at="2024-10-21T12:23:02 IST" name="checkoutPage" description="Verify product, Applying promocode and proceed" finished-at="2024-10-21T12:23:08 IST" duration-ms="6042" status="PASS">
          <reporter-output>
          </reporter-output>
        </test-method> <!-- checkoutPage -->
        <test-method is-config="true" signature="tearDown(org.testng.ITestResult)[pri:0, instance:testcases.SingleProduct@38c6f217]" started-at="2024-10-21T12:23:08 IST" name="tearDown" description="Generate HTML reports" finished-at="2024-10-21T12:23:08 IST" duration-ms="1" status="PASS">
          <params>
            <param index="0">
              <value>
                <![CDATA[[TestResult name={null} status=CREATED method=SingleProduct.selectCountry()[pri:4, instance:testcases.SingleProduct@38c6f217] output={null}]]]>
              </value>
            </param>
          </params>
          <reporter-output>
          </reporter-output>
        </test-method> <!-- tearDown -->
        <test-method signature="selectCountry()[pri:4, instance:testcases.SingleProduct@38c6f217]" started-at="2024-10-21T12:23:08 IST" name="selectCountry" description="Select the country" finished-at="2024-10-21T12:23:08 IST" duration-ms="709" status="PASS">
          <reporter-output>
          </reporter-output>
        </test-method> <!-- selectCountry -->
        <test-method is-config="true" signature="tearDown()[pri:0, instance:testcases.SingleProduct@38c6f217]" started-at="2024-10-21T12:23:08 IST" name="tearDown" description="Complete the test cycle" finished-at="2024-10-21T12:23:12 IST" duration-ms="3206" status="PASS">
          <reporter-output>
          </reporter-output>
        </test-method> <!-- tearDown -->
      </class> <!-- testcases.SingleProduct -->
    </test> <!-- Default test -->
  </suite> <!-- Default suite -->
</testng-results>
