<?xml version="1.0" encoding="UTF-8"?>
<!-- Generated by org.testng.reporters.JUnitXMLReporter -->
<testsuite ignored="0" hostname="DESKTOP-281OCTQ" failures="0" tests="4" name="Default test" time="22.388" errors="0" timestamp="2024-10-21T12:23:12 IST">
  <testcase classname="testcases.SingleProduct" name="searchFromGoogle" time="5.405"/>
  <testcase classname="testcases.SingleProduct" name="homePage" time="1.216"/>
  <testcase classname="testcases.SingleProduct" name="checkoutPage" time="6.042"/>
  <testcase classname="testcases.SingleProduct" name="selectCountry" time="0.709"/>
</testsuite> <!-- Default test -->
